d:\github\csd3158_machinelearning\bin-int\x64\release\vc142.pdb
d:\github\csd3158_machinelearning\bin-int\x64\release\training.obj
d:\github\csd3158_machinelearning\bin-int\x64\release\main.obj
c:\users\tanwe\onedrive\desktop\csd3158_machinelearning\bin-int\x64\release\vc142.pdb
c:\users\tanwe\onedrive\desktop\csd3158_machinelearning\bin-int\x64\release\training.obj
c:\users\tanwe\onedrive\desktop\csd3158_machinelearning\bin-int\x64\release\main.obj
d:\github\csd3158_machinelearning\binx64\release\csd3185-teamproject.exe
d:\github\csd3158_machinelearning\bin-int\x64\release\csd3185-teamproject.ipdb
d:\github\csd3158_machinelearning\bin-int\x64\release\csd3185-teamproject.iobj
d:\github\csd3158_machinelearning\binx64\release\csd3185-teamproject.pdb
c:\users\tanwe\onedrive\desktop\csd3158_machinelearning\binx64\release\csd3185-teamproject.exe
c:\users\tanwe\onedrive\desktop\csd3158_machinelearning\bin-int\x64\release\csd3185-teamproject.ipdb
c:\users\tanwe\onedrive\desktop\csd3158_machinelearning\bin-int\x64\release\csd3185-teamproject.iobj
c:\users\tanwe\onedrive\desktop\csd3158_machinelearning\binx64\release\csd3185-teamproject.pdb
c:\users\tanwe\onedrive\desktop\csd3158_machinelearning\csd3185-teamproject\..\binx64\release\csd3185-teamproject.pdb
c:\users\tanwe\onedrive\desktop\csd3158_machinelearning\bin-int\x64\release\csd3185-.45b653ba.tlog\cl.command.1.tlog
c:\users\tanwe\onedrive\desktop\csd3158_machinelearning\bin-int\x64\release\csd3185-.45b653ba.tlog\cl.read.1.tlog
c:\users\tanwe\onedrive\desktop\csd3158_machinelearning\bin-int\x64\release\csd3185-.45b653ba.tlog\cl.write.1.tlog
c:\users\tanwe\onedrive\desktop\csd3158_machinelearning\bin-int\x64\release\csd3185-.45b653ba.tlog\link.command.1.tlog
c:\users\tanwe\onedrive\desktop\csd3158_machinelearning\bin-int\x64\release\csd3185-.45b653ba.tlog\link.read.1.tlog
c:\users\tanwe\onedrive\desktop\csd3158_machinelearning\bin-int\x64\release\csd3185-.45b653ba.tlog\link.write.1.tlog
