  main.cpp
D:\GitHub\CSD3158_MachineLearning\CSD3185-TeamProject\main.cpp(8,24): warning C4101: 'uttid': unreferenced local variable
  Generating code
  Previous IPDB not found, fall back to full compilation.
  All 5 functions were compiled because no usable IPDB/IOBJ from previous compilation was found.
  Finished generating code
  CSD3185-TeamProject.vcxproj -> D:\GitHub\CSD3158_MachineLearning\binx64\Release\CSD3185-TeamProject.exe
  D:\GitHub\CSD3158_MachineLearning\CSD3185-TeamProject\\model\goforward.raw
  D:\GitHub\CSD3158_MachineLearning\CSD3185-TeamProject\\model\en-us\cmudict-en-us.dict
  D:\GitHub\CSD3158_MachineLearning\CSD3185-TeamProject\\model\en-us\en-us-phone.lm.bin
  D:\GitHub\CSD3158_MachineLearning\CSD3185-TeamProject\\model\en-us\en-us.lm.bin
  D:\GitHub\CSD3158_MachineLearning\CSD3185-TeamProject\\model\en-us\en-us\feat.params
  D:\GitHub\CSD3158_MachineLearning\CSD3185-TeamProject\\model\en-us\en-us\mdef
  D:\GitHub\CSD3158_MachineLearning\CSD3185-TeamProject\\model\en-us\en-us\means
  D:\GitHub\CSD3158_MachineLearning\CSD3185-TeamProject\\model\en-us\en-us\noisedict
  D:\GitHub\CSD3158_MachineLearning\CSD3185-TeamProject\\model\en-us\en-us\README
  D:\GitHub\CSD3158_MachineLearning\CSD3185-TeamProject\\model\en-us\en-us\sendump
  D:\GitHub\CSD3158_MachineLearning\CSD3185-TeamProject\\model\en-us\en-us\transition_matrices
  D:\GitHub\CSD3158_MachineLearning\CSD3185-TeamProject\\model\en-us\en-us\variances
  12 File(s) copied
          1 file(s) copied.
          1 file(s) copied.
